<?xml version="1.0" encoding="UTF-8"?>
<!-- Generated by org.testng.reporters.JUnitXMLReporter -->
<testsuite hostname="subha-pc" ignored="0" name="Default test(failed)" tests="1" failures="0" timestamp="18 Dec 2019 11:54:36 GMT" time="4.438" errors="0">
  <testcase name="@BeforeClass lunchBroser" time="4.377" classname="com.vTiger.GenericLibrary.BaseClass">
    <failure type="org.openqa.selenium.SessionNotCreatedException" message="session not created: This version of ChromeDriver only supports Chrome version 77
Build info: version: &amp;apos;3.141.59&amp;apos;, revision: &amp;apos;e82be7d358&amp;apos;, time: &amp;apos;2018-11-14T08:25:53&amp;apos;
System info: host: &amp;apos;SUBHA-PC&amp;apos;, ip: &amp;apos;192.168.146.1&amp;apos;, os.name: &amp;apos;Windows 7&amp;apos;, os.arch: &amp;apos;amd64&amp;apos;, os.version: &amp;apos;6.1&amp;apos;, java.version: &amp;apos;1.8.0_162&amp;apos;
Driver info: driver.version: ChromeDriver
remote stacktrace: Backtrace:
	Ordinal0 [0x00FCEB13+1501971]
	Ordinal0 [0x00F4F6D1+980689]
	Ordinal0 [0x00ED765F+489055]
	Ordinal0 [0x00E6F2F4+62196]
	Ordinal0 [0x00E6BCDA+48346]
	Ordinal0 [0x00E89800+169984]
	Ordinal0 [0x00E8942D+169005]
	Ordinal0 [0x00E878EB+162027]
	Ordinal0 [0x00E70AC7+68295]
	Ordinal0 [0x00E71B40+72512]
	Ordinal0 [0x00E71AD9+72409]
	Ordinal0 [0x00F68F37+1085239]
	GetHandleVerifier [0x0106D7ED+503293]
	GetHandleVerifier [0x0106D580+502672]
	GetHandleVerifier [0x010746AC+531644]
	GetHandleVerifier [0x0106DFFA+505354]
	Ordinal0 [0x00F60606+1050118]
	Ordinal0 [0x00F6047F+1049727]
	Ordinal0 [0x00F6AF9B+1093531]
	Ordinal0 [0x00F6B103+1093891]
	Ordinal0 [0x00F6A095+1089685]
	BaseThreadInitThunk [0x7569343D+18]
	RtlInitializeExceptionChain [0x774E9812+99]
	RtlInitializeExceptionChain [0x774E97E5+54]
">
      <![CDATA[org.openqa.selenium.SessionNotCreatedException: session not created: This version of ChromeDriver only supports Chrome version 77
Build info: version: '3.141.59', revision: 'e82be7d358', time: '2018-11-14T08:25:53'
System info: host: 'SUBHA-PC', ip: '192.168.146.1', os.name: 'Windows 7', os.arch: 'amd64', os.version: '6.1', java.version: '1.8.0_162'
Driver info: driver.version: ChromeDriver
remote stacktrace: Backtrace:
Ordinal0 [0x00FCEB13+1501971]
Ordinal0 [0x00F4F6D1+980689]
Ordinal0 [0x00ED765F+489055]
Ordinal0 [0x00E6F2F4+62196]
Ordinal0 [0x00E6BCDA+48346]
Ordinal0 [0x00E89800+169984]
Ordinal0 [0x00E8942D+169005]
Ordinal0 [0x00E878EB+162027]
Ordinal0 [0x00E70AC7+68295]
Ordinal0 [0x00E71B40+72512]
Ordinal0 [0x00E71AD9+72409]
Ordinal0 [0x00F68F37+1085239]
GetHandleVerifier [0x0106D7ED+503293]
GetHandleVerifier [0x0106D580+502672]
GetHandleVerifier [0x010746AC+531644]
GetHandleVerifier [0x0106DFFA+505354]
Ordinal0 [0x00F60606+1050118]
Ordinal0 [0x00F6047F+1049727]
Ordinal0 [0x00F6AF9B+1093531]
Ordinal0 [0x00F6B103+1093891]
Ordinal0 [0x00F6A095+1089685]
BaseThreadInitThunk [0x7569343D+18]
RtlInitializeExceptionChain [0x774E9812+99]
RtlInitializeExceptionChain [0x774E97E5+54]

at org.openqa.selenium.remote.W3CHandshakeResponse.lambda$errorHandler$0(W3CHandshakeResponse.java:62)
at org.openqa.selenium.remote.HandshakeResponse.lambda$getResponseFunction$0(HandshakeResponse.java:30)
at org.openqa.selenium.remote.ProtocolHandshake.lambda$createSession$0(ProtocolHandshake.java:126)
at java.util.stream.ReferencePipeline$3$1.accept(ReferencePipeline.java:193)
at java.util.Spliterators$ArraySpliterator.tryAdvance(Spliterators.java:958)
at java.util.stream.ReferencePipeline.forEachWithCancel(ReferencePipeline.java:126)
at java.util.stream.AbstractPipeline.copyIntoWithCancel(AbstractPipeline.java:498)
at java.util.stream.AbstractPipeline.copyInto(AbstractPipeline.java:485)
at java.util.stream.AbstractPipeline.wrapAndCopyInto(AbstractPipeline.java:471)
at java.util.stream.FindOps$FindOp.evaluateSequential(FindOps.java:152)
at java.util.stream.AbstractPipeline.evaluate(AbstractPipeline.java:234)
at java.util.stream.ReferencePipeline.findFirst(ReferencePipeline.java:464)
at org.openqa.selenium.remote.ProtocolHandshake.createSession(ProtocolHandshake.java:128)
at org.openqa.selenium.remote.ProtocolHandshake.createSession(ProtocolHandshake.java:74)
at org.openqa.selenium.remote.HttpCommandExecutor.execute(HttpCommandExecutor.java:136)
at org.openqa.selenium.remote.service.DriverCommandExecutor.execute(DriverCommandExecutor.java:83)
at org.openqa.selenium.remote.RemoteWebDriver.execute(RemoteWebDriver.java:552)
at org.openqa.selenium.remote.RemoteWebDriver.startSession(RemoteWebDriver.java:213)
at org.openqa.selenium.remote.RemoteWebDriver.<init>(RemoteWebDriver.java:131)
at org.openqa.selenium.chrome.ChromeDriver.<init>(ChromeDriver.java:181)
at org.openqa.selenium.chrome.ChromeDriver.<init>(ChromeDriver.java:168)
at org.openqa.selenium.chrome.ChromeDriver.<init>(ChromeDriver.java:123)
at com.vTiger.GenericLibrary.BaseClass.lunchBroser(BaseClass.java:47)
... Removed 30 stack frames]]>
    </failure>
  </testcase> <!-- @BeforeClass lunchBroser -->
  <testcase name="@BeforeMethod login" time="0.0" classname="com.vTiger.GenericLibrary.BaseClass">
    <skipped/>
  </testcase> <!-- @BeforeMethod login -->
  <testcase name="@AfterMethod logoutAM" time="0.0" classname="com.vTiger.GenericLibrary.BaseClass">
    <skipped/>
  </testcase> <!-- @AfterMethod logoutAM -->
  <testcase name="@AfterClass closeBrowserAC" time="0.0" classname="com.vTiger.GenericLibrary.BaseClass">
    <skipped/>
  </testcase> <!-- @AfterClass closeBrowserAC -->
  <testcase name="contactTest" time="0.0" classname="com.vTiger.ContactTest.ContactTest">
    <skipped/>
  </testcase> <!-- contactTest -->
</testsuite> <!-- Default test(failed) -->
